kotlin version: 2.0.21
error message: Incremental compilation failed: C:\Freebuff\Margin\Margin\app\build\tmp\kotlin-classes\debug\com\margin\app\ui\navigation\MarginNavGraphKt.class (The system cannot find the file specified)
java.io.FileNotFoundException: C:\Freebuff\Margin\Margin\app\build\tmp\kotlin-classes\debug\com\margin\app\ui\navigation\MarginNavGraphKt.class (The system cannot find the file specified)
	at java.base/java.io.IoOverNioFileSystem.convertNioToIoExceptionInStreams(IoOverNioFileSystem.java:123)
	at java.base/java.io.IoOverNioFileSystem.initializeStreamsUsingNio0(IoOverNioFileSystem.java:377)
	at java.base/java.io.IoOverNioFileSystem.initializeStreamUsingNio(IoOverNioFileSystem.java:344)
	at java.base/java.io.FileInputStream.<init>(FileInputStream.java:181)
	at kotlin.io.FilesKt__FileReadWriteKt.readBytes(FileReadWrite.kt:69)
	at org.jetbrains.kotlin.incremental.LocalFileKotlinClass$Companion.create(LocalFileKotlinClass.kt:37)
	at org.jetbrains.kotlin.build.GeneratedJvmClass.<init>(generatedFiles.kt:39)
	at org.jetbrains.kotlin.compilerRunner.SimpleOutputItemKt.toGeneratedFile(SimpleOutputItem.kt:31)
	at org.jetbrains.kotlin.incremental.IncrementalCompilerRunner.doCompile(IncrementalCompilerRunner.kt:521)
	at org.jetbrains.kotlin.incremental.IncrementalCompilerRunner.compileImpl(IncrementalCompilerRunner.kt:423)
	at org.jetbrains.kotlin.incremental.IncrementalCompilerRunner.tryCompileIncrementally$lambda$9$compile(IncrementalCompilerRunner.kt:249)
	at org.jetbrains.kotlin.incremental.IncrementalCompilerRunner.tryCompileIncrementally(IncrementalCompilerRunner.kt:267)
	at org.jetbrains.kotlin.incremental.IncrementalCompilerRunner.compile(IncrementalCompilerRunner.kt:120)
	at org.jetbrains.kotlin.daemon.CompileServiceImplBase.execIncrementalCompiler(CompileServiceImpl.kt:675)
	at org.jetbrains.kotlin.daemon.CompileServiceImplBase.access$execIncrementalCompiler(CompileServiceImpl.kt:92)
	at org.jetbrains.kotlin.daemon.CompileServiceImpl.compile(CompileServiceImpl.kt:1660)
	at java.base/jdk.internal.reflect.DirectMethodHandleAccessor.invoke(DirectMethodHandleAccessor.java:103)
	at java.base/java.lang.reflect.Method.invoke(Method.java:580)
	at java.rmi/sun.rmi.server.UnicastServerRef.dispatch(UnicastServerRef.java:360)
	at java.rmi/sun.rmi.transport.Transport$1.run(Transport.java:200)
	at java.rmi/sun.rmi.transport.Transport$1.run(Transport.java:197)
	at java.base/java.security.AccessController.doPrivileged(AccessController.java:714)
	at java.rmi/sun.rmi.transport.Transport.serviceCall(Transport.java:196)
	at java.rmi/sun.rmi.transport.tcp.TCPTransport.handleMessages(TCPTransport.java:598)
	at java.rmi/sun.rmi.transport.tcp.TCPTransport$ConnectionHandler.run0(TCPTransport.java:844)
	at java.rmi/sun.rmi.transport.tcp.TCPTransport$ConnectionHandler.lambda$run$0(TCPTransport.java:721)
	at java.base/java.security.AccessController.doPrivileged(AccessController.java:400)
	at java.rmi/sun.rmi.transport.tcp.TCPTransport$ConnectionHandler.run(TCPTransport.java:720)
	at java.base/java.util.concurrent.ThreadPoolExecutor.runWorker(ThreadPoolExecutor.java:1144)
	at java.base/java.util.concurrent.ThreadPoolExecutor$Worker.run(ThreadPoolExecutor.java:642)
	at java.base/java.lang.Thread.run(Thread.java:1583)
Caused by: java.nio.file.NoSuchFileException: C:\Freebuff\Margin\Margin\app\build\tmp\kotlin-classes\debug\com\margin\app\ui\navigation\MarginNavGraphKt.class
	at java.base/sun.nio.fs.WindowsException.translateToIOException(WindowsException.java:87)
	at java.base/sun.nio.fs.WindowsException.rethrowAsIOException(WindowsException.java:106)
	at java.base/sun.nio.fs.WindowsException.rethrowAsIOException(WindowsException.java:112)
	at java.base/sun.nio.fs.WindowsFileSystemProvider.newFileChannel(WindowsFileSystemProvider.java:119)
	at java.base/java.io.IoOverNioFileSystem.initializeStreamsUsingNio0(IoOverNioFileSystem.java:359)
	... 29 more


